<?xml version="1.0" encoding="UTF-8" ?>
<testsuite tests="26" failures="0" name="org.accenture.katatennis.GameTest" time="0.101" errors="0" skipped="0">
  <properties>
    <property name="java.runtime.name" value="Java(TM) SE Runtime Environment"/>
    <property name="sun.boot.library.path" value="C:\Program Files\Java\jdk1.8.0_191\jre\bin"/>
    <property name="java.vm.version" value="25.191-b12"/>
    <property name="user.country.format" value="FR"/>
    <property name="java.vm.vendor" value="Oracle Corporation"/>
    <property name="maven.multiModuleProjectDirectory" value="C:\Users\reda.benkirane\Documents\TDF\KataTennis"/>
    <property name="java.vendor.url" value="http://java.oracle.com/"/>
    <property name="path.separator" value=";"/>
    <property name="guice.disable.misplaced.annotation.check" value="true"/>
    <property name="java.vm.name" value="Java HotSpot(TM) 64-Bit Server VM"/>
    <property name="file.encoding.pkg" value="sun.io"/>
    <property name="user.script" value=""/>
    <property name="user.country" value="US"/>
    <property name="sun.java.launcher" value="SUN_STANDARD"/>
    <property name="sun.os.patch.level" value=""/>
    <property name="java.vm.specification.name" value="Java Virtual Machine Specification"/>
    <property name="user.dir" value="C:\Users\reda.benkirane\Documents\TDF\KataTennis"/>
    <property name="java.runtime.version" value="1.8.0_191-b12"/>
    <property name="java.awt.graphicsenv" value="sun.awt.Win32GraphicsEnvironment"/>
    <property name="java.endorsed.dirs" value="C:\Program Files\Java\jdk1.8.0_191\jre\lib\endorsed"/>
    <property name="os.arch" value="amd64"/>
    <property name="java.io.tmpdir" value="C:\Users\REDA~1.BEN\AppData\Local\Temp\"/>
    <property name="line.separator" value="
"/>
    <property name="java.vm.specification.vendor" value="Oracle Corporation"/>
    <property name="user.variant" value=""/>
    <property name="os.name" value="Windows 10"/>
    <property name="classworlds.conf" value="C:\Users\reda.benkirane\eclipse-workspace\.metadata\.plugins\org.eclipse.m2e.launching\launches\m2conf2623008629482993128.tmp"/>
    <property name="sun.jnu.encoding" value="Cp1252"/>
    <property name="java.library.path" value="C:\Program Files\Java\jdk1.8.0_191\bin;C:\WINDOWS\Sun\Java\bin;C:\WINDOWS\system32;C:\WINDOWS;C:/Program Files/Java/jre1.8.0_191/bin/server;C:/Program Files/Java/jre1.8.0_191/bin;C:/Program Files/Java/jre1.8.0_191/lib/amd64;C:\Program Files (x86)\Common Files\Oracle\Java\javapath;C:\ProgramData\Oracle\Java\javapath;C:\WINDOWS\system32;C:\WINDOWS;C:\WINDOWS\System32\Wbem;C:\WINDOWS\System32\WindowsPowerShell\v1.0\;C:\Program Files\nodejs\;C:\Program Files\PuTTY\;C:\WINDOWS\System32\OpenSSH\;C:\Users\reda.benkirane\AppData\Local\Microsoft\WindowsApps;;C:\Users\reda.benkirane\AppData\Local\Programs\Microsoft VS Code\bin;C:\Users\reda.benkirane\AppData\Roaming\npm;C:\Users\reda.benkirane\Downloads;;."/>
    <property name="java.specification.name" value="Java Platform API Specification"/>
    <property name="java.class.version" value="52.0"/>
    <property name="sun.management.compiler" value="HotSpot 64-Bit Tiered Compilers"/>
    <property name="os.version" value="10.0"/>
    <property name="user.home" value="C:\Users\reda.benkirane"/>
    <property name="user.timezone" value="Europe/Paris"/>
    <property name="java.awt.printerjob" value="sun.awt.windows.WPrinterJob"/>
    <property name="java.specification.version" value="1.8"/>
    <property name="file.encoding" value="Cp1252"/>
    <property name="user.name" value="reda.benkirane"/>
    <property name="java.class.path" value="C:\Users\reda.benkirane\.p2\pool\plugins\org.eclipse.m2e.maven.runtime_1.9.1.20180912-1600\jars\plexus-classworlds-2.5.2.jar"/>
    <property name="java.vm.specification.version" value="1.8"/>
    <property name="sun.arch.data.model" value="64"/>
    <property name="java.home" value="C:\Program Files\Java\jdk1.8.0_191\jre"/>
    <property name="sun.java.command" value="org.codehaus.plexus.classworlds.launcher.Launcher -B install"/>
    <property name="java.specification.vendor" value="Oracle Corporation"/>
    <property name="user.language" value="en"/>
    <property name="user.language.format" value="fr"/>
    <property name="awt.toolkit" value="sun.awt.windows.WToolkit"/>
    <property name="java.vm.info" value="mixed mode"/>
    <property name="java.version" value="1.8.0_191"/>
    <property name="java.ext.dirs" value="C:\Program Files\Java\jdk1.8.0_191\jre\lib\ext;C:\WINDOWS\Sun\Java\lib\ext"/>
    <property name="sun.boot.class.path" value="C:\Program Files\Java\jdk1.8.0_191\jre\lib\resources.jar;C:\Program Files\Java\jdk1.8.0_191\jre\lib\rt.jar;C:\Program Files\Java\jdk1.8.0_191\jre\lib\sunrsasign.jar;C:\Program Files\Java\jdk1.8.0_191\jre\lib\jsse.jar;C:\Program Files\Java\jdk1.8.0_191\jre\lib\jce.jar;C:\Program Files\Java\jdk1.8.0_191\jre\lib\charsets.jar;C:\Program Files\Java\jdk1.8.0_191\jre\lib\jfr.jar;C:\Program Files\Java\jdk1.8.0_191\jre\classes"/>
    <property name="java.vendor" value="Oracle Corporation"/>
    <property name="maven.home" value="C:\Users\reda.benkirane\Documents\TDF\KataTennis\EMBEDDED"/>
    <property name="file.separator" value="\"/>
    <property name="java.vendor.url.bug" value="http://bugreport.sun.com/bugreport/"/>
    <property name="sun.cpu.endian" value="little"/>
    <property name="sun.io.unicode.encoding" value="UnicodeLittle"/>
    <property name="sun.desktop" value="windows"/>
    <property name="sun.cpu.isalist" value="amd64"/>
  </properties>
  <testcase classname="org.accenture.katatennis.GameTest" name="AdvantagePlayerTwoTest1" time="0.018"/>
  <testcase classname="org.accenture.katatennis.GameTest" name="AdvantagePlayerTwoTest2" time="0.006"/>
  <testcase classname="org.accenture.katatennis.GameTest" name="AdvantagePlayerTwoTest3" time="0.004"/>
  <testcase classname="org.accenture.katatennis.GameTest" name="PlayerOneWinsTest6" time="0.005"/>
  <testcase classname="org.accenture.katatennis.GameTest" name="AdvantagePlayerOneTest2" time="0.005"/>
  <testcase classname="org.accenture.katatennis.GameTest" name="AdvantagePlayerOneTest1" time="0.001"/>
  <testcase classname="org.accenture.katatennis.GameTest" name="PlayerOneWinsTest4" time="0.005"/>
  <testcase classname="org.accenture.katatennis.GameTest" name="PlayerTwoWinsTest2" time="0.003"/>
  <testcase classname="org.accenture.katatennis.GameTest" name="PlayerOneWinsTest2" time="0.005"/>
  <testcase classname="org.accenture.katatennis.GameTest" name="PlayerOneWinsTest1" time="0.008"/>
  <testcase classname="org.accenture.katatennis.GameTest" name="ThirtyFifteenTest" time="0.005"/>
  <testcase classname="org.accenture.katatennis.GameTest" name="PlayerOneWinsTest5" time="0.001"/>
  <testcase classname="org.accenture.katatennis.GameTest" name="PlayerTwoWinsTest1" time="0.008"/>
  <testcase classname="org.accenture.katatennis.GameTest" name="PlayerOneWinsTest3" time="0.003"/>
  <testcase classname="org.accenture.katatennis.GameTest" name="AdvantagePlayerOneTest3" time="0.019"/>
  <testcase classname="org.accenture.katatennis.GameTest" name="LoveAllTest" time="0.001"/>
  <testcase classname="org.accenture.katatennis.GameTest" name="DeuceTest3" time="0.001"/>
  <testcase classname="org.accenture.katatennis.GameTest" name="ThirtyAllTest" time="0.001"/>
  <testcase classname="org.accenture.katatennis.GameTest" name="FifteenAllTest" time="0"/>
  <testcase classname="org.accenture.katatennis.GameTest" name="DeuceTest1" time="0.001"/>
  <testcase classname="org.accenture.katatennis.GameTest" name="FortyLoveTest" time="0"/>
  <testcase classname="org.accenture.katatennis.GameTest" name="ThirtyLoveTest" time="0"/>
  <testcase classname="org.accenture.katatennis.GameTest" name="FortyFifteenTest" time="0"/>
  <testcase classname="org.accenture.katatennis.GameTest" name="DeuceTest2" time="0.001"/>
  <testcase classname="org.accenture.katatennis.GameTest" name="FifteenLoveTest" time="0"/>
  <testcase classname="org.accenture.katatennis.GameTest" name="FortyThirtyTest" time="0"/>
</testsuite>